<?xml version="1.0" encoding="UTF-8"?>
<testng-results ignored="0" total="1" passed="1" failed="0" skipped="0">
  <reporter-output>
  </reporter-output>
  <suite started-at="2024-12-23T09:23:30 IST" name="Suite1" finished-at="2024-12-23T09:24:02 IST" duration-ms="31293">
    <groups>
      <group name="cucumber">
        <method signature="AbstractTestNGCucumberTests.runScenario(io.cucumber.testng.PickleWrapper,io.cucumber.testng.FeatureWrapper)[pri:0, instance:runners.Test_DemoBlaze_e2e_runner@6ff29830]" name="runScenario" class="io.cucumber.testng.AbstractTestNGCucumberTests"/>
      </group> <!-- cucumber -->
    </groups>
    <test started-at="2024-12-23T09:23:30 IST" name="Test1" finished-at="2024-12-23T09:24:02 IST" duration-ms="31293">
      <class name="runners.Test_DemoBlaze_e2e_runner">
        <test-method is-config="true" signature="setUpClass(org.testng.ITestContext)[pri:0, instance:runners.Test_DemoBlaze_e2e_runner@6ff29830]" started-at="2024-12-23T09:23:30 IST" name="setUpClass" finished-at="2024-12-23T09:23:31 IST" duration-ms="810" status="PASS">
          <params>
            <param index="0">
              <value>
                <![CDATA[org.testng.TestRunner@26ca61bf]]>
              </value>
            </param>
          </params>
          <reporter-output>
          </reporter-output>
        </test-method> <!-- setUpClass -->
        <test-method signature="runScenario(io.cucumber.testng.PickleWrapper,io.cucumber.testng.FeatureWrapper)[pri:0, instance:runners.Test_DemoBlaze_e2e_runner@6ff29830]" started-at="2024-12-23T09:23:31 IST" name="runScenario" description="Runs Cucumber Scenarios" data-provider="scenarios" finished-at="2024-12-23T09:24:00 IST" duration-ms="28316" status="PASS">
          <params>
            <param index="0">
              <value>
                <![CDATA["place order"]]>
              </value>
            </param>
            <param index="1">
              <value>
                <![CDATA["Demo Blaze e2e"]]>
              </value>
            </param>
          </params>
          <reporter-output>
          </reporter-output>
        </test-method> <!-- runScenario -->
        <test-method is-config="true" signature="tearDownClass()[pri:0, instance:runners.Test_DemoBlaze_e2e_runner@6ff29830]" started-at="2024-12-23T09:24:00 IST" name="tearDownClass" finished-at="2024-12-23T09:24:02 IST" duration-ms="2106" status="PASS">
          <reporter-output>
          </reporter-output>
        </test-method> <!-- tearDownClass -->
      </class> <!-- runners.Test_DemoBlaze_e2e_runner -->
    </test> <!-- Test1 -->
  </suite> <!-- Suite1 -->
</testng-results>
